<?xml version="1.0" encoding="UTF-8"?>
<testng-results skipped="0" failed="0" total="1" passed="1">
  <reporter-output>
  </reporter-output>
  <suite name="Default suite" duration-ms="107113" started-at="2019-09-13T13:01:36Z" finished-at="2019-09-13T13:03:23Z">
    <groups>
    </groups>
    <test name="Default test" duration-ms="107113" started-at="2019-09-13T13:01:36Z" finished-at="2019-09-13T13:03:23Z">
      <class name="com.softtek.ppm.CrearTicket">
        <test-method status="PASS" signature="testTicket()[pri:0, instance:com.softtek.ppm.CrearTicket@546a03af]" name="testTicket" duration-ms="107094" started-at="2019-09-13T10:01:36Z" finished-at="2019-09-13T10:03:23Z">
          <reporter-output>
          </reporter-output>
        </test-method> <!-- testTicket -->
      </class> <!-- com.softtek.ppm.CrearTicket -->
    </test> <!-- Default test -->
  </suite> <!-- Default suite -->
</testng-results>
