<?xml version="1.0" encoding="UTF-8"?>
<testng-results skipped="0" failed="0" total="1" passed="1">
  <reporter-output>
  </reporter-output>
  <suite name="Default suite" duration-ms="86665" started-at="2019-08-22T21:46:01Z" finished-at="2019-08-22T21:47:28Z">
    <groups>
    </groups>
    <test name="Default test" duration-ms="86665" started-at="2019-08-22T21:46:01Z" finished-at="2019-08-22T21:47:28Z">
      <class name="com.softtek.ppm.CrearTicket">
        <test-method status="PASS" signature="logIn()[pri:0, instance:com.softtek.ppm.CrearTicket@6833ce2c]" name="logIn" duration-ms="86646" started-at="2019-08-22T18:46:01Z" finished-at="2019-08-22T18:47:28Z">
          <reporter-output>
          </reporter-output>
        </test-method> <!-- logIn -->
      </class> <!-- com.softtek.ppm.CrearTicket -->
    </test> <!-- Default test -->
  </suite> <!-- Default suite -->
</testng-results>
